# JRE version: Java(TM) SE Runtime Environment (8.0_162-b12) (build 1.8.0_162-b12)
# Java VM: Java HotSpot(TM) 64-Bit Server VM (25.162-b12 mixed mode windows-amd64 compressed oops)
Heap:
 PSYoungGen      total 138240K, used 71683K [0x00000000d5700000, 0x00000000de300000, 0x0000000100000000)
  eden space 133120K, 53% used [0x00000000d5700000,0x00000000d9d00ed8,0x00000000dd900000)
  from space 5120K, 0% used [0x00000000dde00000,0x00000000dde00000,0x00000000de300000)
  to   space 5120K, 0% used [0x00000000dd900000,0x00000000dd900000,0x00000000dde00000)
 ParOldGen       total 57856K, used 8092K [0x0000000080400000, 0x0000000083c80000, 0x00000000d5700000)
  object space 57856K, 13% used [0x0000000080400000,0x0000000080be71e8,0x0000000083c80000)
 Metaspace       used 26832K, capacity 27570K, committed 27648K, reserved 1073152K
  class space    used 3626K, capacity 3806K, committed 3840K, reserved 1048576K
GC Heap History (10 events):
Event: 1.352 GC heap before
{Heap before GC invocations=1 (full 0):
 PSYoungGen      total 38400K, used 33280K [0x00000000d5700000, 0x00000000d8180000, 0x0000000100000000)
  eden space 33280K, 100% used [0x00000000d5700000,0x00000000d7780000,0x00000000d7780000)
  from space 5120K, 0% used [0x00000000d7c80000,0x00000000d7c80000,0x00000000d8180000)
  to   space 5120K, 0% used [0x00000000d7780000,0x00000000d7780000,0x00000000d7c80000)
 ParOldGen       total 87552K, used 0K [0x0000000080400000, 0x0000000085980000, 0x00000000d5700000)
  object space 87552K, 0% used [0x0000000080400000,0x0000000080400000,0x0000000085980000)
 Metaspace       used 8186K, capacity 8334K, committed 8576K, reserved 1056768K
  class space    used 950K, capacity 1031K, committed 1152K, reserved 1048576K
Event: 1.366 GC heap after
Heap after GC invocations=1 (full 0):
 PSYoungGen      total 38400K, used 4136K [0x00000000d5700000, 0x00000000da200000, 0x0000000100000000)
  eden space 33280K, 0% used [0x00000000d5700000,0x00000000d5700000,0x00000000d7780000)
  from space 5120K, 80% used [0x00000000d7780000,0x00000000d7b8a3b8,0x00000000d7c80000)
  to   space 5120K, 0% used [0x00000000d9d00000,0x00000000d9d00000,0x00000000da200000)
 ParOldGen       total 87552K, used 8K [0x0000000080400000, 0x0000000085980000, 0x00000000d5700000)
  object space 87552K, 0% used [0x0000000080400000,0x0000000080402000,0x0000000085980000)
 Metaspace       used 8186K, capacity 8334K, committed 8576K, reserved 1056768K
  class space    used 950K, capacity 1031K, committed 1152K, reserved 1048576K
}
Event: 1.955 GC heap before
{Heap before GC invocations=2 (full 0):
 PSYoungGen      total 38400K, used 37416K [0x00000000d5700000, 0x00000000da200000, 0x0000000100000000)
  eden space 33280K, 100% used [0x00000000d5700000,0x00000000d7780000,0x00000000d7780000)
  from space 5120K, 80% used [0x00000000d7780000,0x00000000d7b8a3b8,0x00000000d7c80000)
  to   space 5120K, 0% used [0x00000000d9d00000,0x00000000d9d00000,0x00000000da200000)
 ParOldGen       total 87552K, used 8K [0x0000000080400000, 0x0000000085980000, 0x00000000d5700000)
  object space 87552K, 0% used [0x0000000080400000,0x0000000080402000,0x0000000085980000)
 Metaspace       used 11591K, capacity 11848K, committed 12032K, reserved 1060864K
  class space    used 1397K, capacity 1506K, committed 1536K, reserved 1048576K
Event: 1.963 GC heap after
Heap after GC invocations=2 (full 0):
 PSYoungGen      total 71680K, used 4674K [0x00000000d5700000, 0x00000000da200000, 0x0000000100000000)
  eden space 66560K, 0% used [0x00000000d5700000,0x00000000d5700000,0x00000000d9800000)
  from space 5120K, 91% used [0x00000000d9d00000,0x00000000da190918,0x00000000da200000)
  to   space 5120K, 0% used [0x00000000d9800000,0x00000000d9800000,0x00000000d9d00000)
 ParOldGen       total 87552K, used 16K [0x0000000080400000, 0x0000000085980000, 0x00000000d5700000)
  object space 87552K, 0% used [0x0000000080400000,0x0000000080404000,0x0000000085980000)
 Metaspace       used 11591K, capacity 11848K, committed 12032K, reserved 1060864K
  class space    used 1397K, capacity 1506K, committed 1536K, reserved 1048576K
}
Event: 2.513 GC heap before
{Heap before GC invocations=3 (full 0):
 PSYoungGen      total 71680K, used 71234K [0x00000000d5700000, 0x00000000da200000, 0x0000000100000000)
  eden space 66560K, 100% used [0x00000000d5700000,0x00000000d9800000,0x00000000d9800000)
  from space 5120K, 91% used [0x00000000d9d00000,0x00000000da190918,0x00000000da200000)
  to   space 5120K, 0% used [0x00000000d9800000,0x00000000d9800000,0x00000000d9d00000)
 ParOldGen       total 87552K, used 16K [0x0000000080400000, 0x0000000085980000, 0x00000000d5700000)
  object space 87552K, 0% used [0x0000000080400000,0x0000000080404000,0x0000000085980000)
 Metaspace       used 16703K, capacity 17272K, committed 17536K, reserved 1064960K
  class space    used 2172K, capacity 2323K, committed 2432K, reserved 1048576K
Event: 2.528 GC heap after
Heap after GC invocations=3 (full 0):
 PSYoungGen      total 71680K, used 5110K [0x00000000d5700000, 0x00000000de300000, 0x0000000100000000)
  eden space 66560K, 0% used [0x00000000d5700000,0x00000000d5700000,0x00000000d9800000)
  from space 5120K, 99% used [0x00000000d9800000,0x00000000d9cfd8f0,0x00000000d9d00000)
  to   space 5120K, 0% used [0x00000000dde00000,0x00000000dde00000,0x00000000de300000)
 ParOldGen       total 87552K, used 2803K [0x0000000080400000, 0x0000000085980000, 0x00000000d5700000)
  object space 87552K, 3% used [0x0000000080400000,0x00000000806bcc20,0x0000000085980000)
 Metaspace       used 16703K, capacity 17272K, committed 17536K, reserved 1064960K
  class space    used 2172K, capacity 2323K, committed 2432K, reserved 1048576K
}
Event: 2.786 GC heap before
{Heap before GC invocations=4 (full 0):
 PSYoungGen      total 71680K, used 47398K [0x00000000d5700000, 0x00000000de300000, 0x0000000100000000)
  eden space 66560K, 63% used [0x00000000d5700000,0x00000000d804c298,0x00000000d9800000)
  from space 5120K, 99% used [0x00000000d9800000,0x00000000d9cfd8f0,0x00000000d9d00000)
  to   space 5120K, 0% used [0x00000000dde00000,0x00000000dde00000,0x00000000de300000)
 ParOldGen       total 87552K, used 2803K [0x0000000080400000, 0x0000000085980000, 0x00000000d5700000)
  object space 87552K, 3% used [0x0000000080400000,0x00000000806bcc20,0x0000000085980000)
 Metaspace       used 20616K, capacity 21222K, committed 21296K, reserved 1069056K
  class space    used 2620K, capacity 2782K, committed 2816K, reserved 1048576K
Event: 2.801 GC heap after
Heap after GC invocations=4 (full 0):
 PSYoungGen      total 138240K, used 5102K [0x00000000d5700000, 0x00000000de300000, 0x0000000100000000)
  eden space 133120K, 0% used [0x00000000d5700000,0x00000000d5700000,0x00000000dd900000)
  from space 5120K, 99% used [0x00000000dde00000,0x00000000de2fba38,0x00000000de300000)
  to   space 5120K, 0% used [0x00000000dd900000,0x00000000dd900000,0x00000000dde00000)
 ParOldGen       total 87552K, used 5969K [0x0000000080400000, 0x0000000085980000, 0x00000000d5700000)
  object space 87552K, 6% used [0x0000000080400000,0x00000000809d46e8,0x0000000085980000)
 Metaspace       used 20616K, capacity 21222K, committed 21296K, reserved 1069056K
  class space    used 2620K, capacity 2782K, committed 2816K, reserved 1048576K
}
Event: 2.801 GC heap before
{Heap before GC invocations=5 (full 1):
 PSYoungGen      total 138240K, used 5102K [0x00000000d5700000, 0x00000000de300000, 0x0000000100000000)
  eden space 133120K, 0% used [0x00000000d5700000,0x00000000d5700000,0x00000000dd900000)
  from space 5120K, 99% used [0x00000000dde00000,0x00000000de2fba38,0x00000000de300000)
  to   space 5120K, 0% used [0x00000000dd900000,0x00000000dd900000,0x00000000dde00000)
 ParOldGen       total 87552K, used 5969K [0x0000000080400000, 0x0000000085980000, 0x00000000d5700000)
  object space 87552K, 6% used [0x0000000080400000,0x00000000809d46e8,0x0000000085980000)
 Metaspace       used 20616K, capacity 21222K, committed 21296K, reserved 1069056K
  class space    used 2620K, capacity 2782K, committed 2816K, reserved 1048576K
Event: 2.839 GC heap after
Heap after GC invocations=5 (full 1):
 PSYoungGen      total 138240K, used 0K [0x00000000d5700000, 0x00000000de300000, 0x0000000100000000)
  eden space 133120K, 0% used [0x00000000d5700000,0x00000000d5700000,0x00000000dd900000)
  from space 5120K, 0% used [0x00000000dde00000,0x00000000dde00000,0x00000000de300000)
  to   space 5120K, 0% used [0x00000000dd900000,0x00000000dd900000,0x00000000dde00000)
 ParOldGen       total 57856K, used 8092K [0x0000000080400000, 0x0000000083c80000, 0x00000000d5700000)
  object space 57856K, 13% used [0x0000000080400000,0x0000000080be71e8,0x0000000083c80000)
 Metaspace       used 20616K, capacity 21222K, committed 21296K, reserved 1069056K
  class space    used 2620K, capacity 2782K, committed 2816K, reserved 1048576K
}

